Hi, im proccess 3 and im starting the simulation on the wavelength 7.4074074074074066 μm
Hi, im proccess 0 and im starting the simulation on the wavelength 6.666666666666667 μm
Hi, im proccess 1 and im starting the simulation on the wavelength 6.8965517241379315 μm
Hi, im proccess 2 and im starting the simulation on the wavelength 7.142857142857143 μm
-----------
Initializing structure...
-----------
Initializing structure...
-----------
Initializing structure...
-----------
Initializing structure...
time for choose_chunkdivision = 0.000390053 s
time for choose_chunkdivision = 0.000391006 s
time for choose_chunkdivision = 0.000403881 s
Working in 2D dimensions.
Computational cell is 16 x 8 x 0 with resolution 60
time for choose_chunkdivision = 0.000399113 s
Working in 2D dimensions.
Computational cell is 16 x 8 x 0 with resolution 60
     Working in 2D dimensions.
Computational cell is 16 x 8 x 0 with resolution 60
     block, center = (0,0,0)
          size (1e+20,1,1e+20)
          axes (1,0,0), (0,1,0), (0,0,1)
          dielectric constant epsilon diagonal = (12,12,12)
     block, center = (0,0,0)
          size (1e+20,1,1e+20)
          axes (1,0,0), (0,1,0), (0,0,1)
          dielectric constant epsilon diagonal = (12,12,12)
block, center = (0,0,0)
          size (1e+20,1,1e+20)
          axes (1,0,0), (0,1,0), (0,0,1)
Working in 2D dimensions.
Computational cell is 16 x 8 x 0 with resolution 60
     block, center = (0,0,0)
          size (1e+20,1,1e+20)
          dielectric constant epsilon diagonal = (12,12,12)
          axes (1,0,0), (0,1,0), (0,0,1)
          dielectric constant epsilon diagonal = (12,12,12)
time for set_epsilon = 0.53635 s
-----------
FloatProgress(value=0.0, description='0% done ', max=500.0)
time for set_epsilon = 0.543709 s
-----------
FloatProgress(value=0.0, description='0% done ', max=500.0)
time for set_epsilon = 0.55803 s
-----------
FloatProgress(value=0.0, description='0% done ', max=500.0)
time for set_epsilon = 0.572275 s
-----------
FloatProgress(value=0.0, description='0% done ', max=500.0)
Meep progress: 3.0666666666666664/500.0 = 0.6% done in 4.0s, 649.6s to go
on time step 368 (time=3.06667), 0.010892 s/step
Meep progress: 3.075/500.0 = 0.6% done in 4.0s, 647.9s to go
on time step 369 (time=3.075), 0.0108626 s/step
Meep progress: 3.0166666666666666/500.0 = 0.6% done in 4.0s, 659.7s to go
on time step 362 (time=3.01667), 0.0110589 s/step
Meep progress: 2.966666666666667/500.0 = 0.6% done in 4.0s, 671.3s to go
on time step 356 (time=2.96667), 0.011253 s/step
Meep progress: 6.283333333333333/500.0 = 1.3% done in 8.0s, 629.3s to go
on time step 755 (time=6.29167), 0.0103576 s/step
Meep progress: 6.433333333333334/500.0 = 1.3% done in 8.0s, 615.0s to go
on time step 772 (time=6.43333), 0.00994113 s/step
Meep progress: 6.308333333333334/500.0 = 1.3% done in 8.0s, 626.6s to go
on time step 757 (time=6.30833), 0.0101316 s/step
Meep progress: 6.325/500.0 = 1.3% done in 8.0s, 625.1s to go
on time step 759 (time=6.325), 0.00993217 s/step
Meep progress: 9.983333333333333/500.0 = 2.0% done in 12.0s, 589.8s to go
on time step 1199 (time=9.99167), 0.00902394 s/step
Meep progress: 10.2/500.0 = 2.0% done in 12.0s, 577.3s to go
on time step 1224 (time=10.2), 0.00886479 s/step
Meep progress: 10.041666666666666/500.0 = 2.0% done in 12.0s, 586.1s to go
on time step 1205 (time=10.0417), 0.00894379 s/step
Meep progress: 10.041666666666666/500.0 = 2.0% done in 12.0s, 586.1s to go
on time step 1205 (time=10.0417), 0.00897573 s/step
Meep progress: 13.841666666666667/500.0 = 2.8% done in 16.0s, 562.8s to go
on time step 1662 (time=13.85), 0.00865749 s/step
Meep progress: 14.025/500.0 = 2.8% done in 16.0s, 555.4s to go
on time step 1683 (time=14.025), 0.00872739 s/step
Meep progress: 13.841666666666667/500.0 = 2.8% done in 16.0s, 562.5s to go
on time step 1661 (time=13.8417), 0.00877851 s/step
Meep progress: 13.833333333333334/500.0 = 2.8% done in 16.0s, 562.9s to go
on time step 1660 (time=13.8333), 0.008803 s/step
Meep progress: 17.541666666666668/500.0 = 3.5% done in 20.0s, 550.8s to go
on time step 2106 (time=17.55), 0.00901917 s/step
Meep progress: 17.8/500.0 = 3.6% done in 20.0s, 542.6s to go
on time step 2136 (time=17.8), 0.00883468 s/step
Meep progress: 17.53333333333333/500.0 = 3.5% done in 20.0s, 550.8s to go
on time step 2104 (time=17.5333), 0.00903131 s/step
Meep progress: 17.55/500.0 = 3.5% done in 20.0s, 550.4s to go
on time step 2106 (time=17.55), 0.00898082 s/step
Meep progress: 21.333333333333332/500.0 = 4.3% done in 24.0s, 539.2s to go
on time step 2561 (time=21.3417), 0.00880181 s/step
Meep progress: 21.566666666666666/500.0 = 4.3% done in 24.0s, 533.2s to go
on time step 2588 (time=21.5667), 0.00885792 s/step
Meep progress: 21.266666666666666/500.0 = 4.3% done in 24.0s, 540.8s to go
on time step 2552 (time=21.2667), 0.00894529 s/step
Meep progress: 21.241666666666667/500.0 = 4.2% done in 24.0s, 541.6s to go
on time step 2549 (time=21.2417), 0.00904072 s/step
Meep progress: 25.1/500.0 = 5.0% done in 28.0s, 530.5s to go
on time step 3013 (time=25.1083), 0.0088628 s/step
Meep progress: 25.391666666666666/500.0 = 5.1% done in 28.0s, 524.2s to go
on time step 3047 (time=25.3917), 0.00873228 s/step
Meep progress: 25.1/500.0 = 5.0% done in 28.0s, 530.3s to go
on time step 3012 (time=25.1), 0.00870717 s/step
Meep progress: 25.041666666666668/500.0 = 5.0% done in 28.0s, 531.7s to go
on time step 3005 (time=25.0417), 0.00878385 s/step
Meep progress: 28.916666666666668/500.0 = 5.8% done in 32.0s, 522.0s to go
Meep progress: 29.191666666666666/500.0 = 5.8% done in 32.0s, 516.9s to go
on time step 3503 (time=29.1917), 0.00878463 s/step
on time step 3471 (time=28.925), 0.00875286 s/step
Meep progress: 28.883333333333333/500.0 = 5.8% done in 32.0s, 522.6s to go
on time step 3466 (time=28.8833), 0.00882981 s/step
Meep progress: 28.8/500.0 = 5.8% done in 32.0s, 524.2s to go
on time step 3456 (time=28.8), 0.00887993 s/step
Meep progress: 32.55833333333333/500.0 = 6.5% done in 36.1s, 517.6s to go
on time step 3908 (time=32.5667), 0.00915927 s/step
Meep progress: 33.025/500.0 = 6.6% done in 36.1s, 509.8s to go
on time step 3963 (time=33.025), 0.00871101 s/step
Meep progress: 32.575/500.0 = 6.5% done in 36.0s, 517.2s to go
on time step 3909 (time=32.575), 0.00903433 s/step
Meep progress: 32.59166666666667/500.0 = 6.5% done in 36.0s, 516.9s to go
on time step 3911 (time=32.5917), 0.00880572 s/step
Meep progress: 36.4/500.0 = 7.3% done in 40.1s, 510.1s to go
on time step 4369 (time=36.4083), 0.0086849 s/step
Meep progress: 36.43333333333333/500.0 = 7.3% done in 40.0s, 509.5s to go
on time step 4372 (time=36.4333), 0.00864445 s/step
Meep progress: 36.88333333333333/500.0 = 7.4% done in 40.1s, 503.0s to go
on time step 4426 (time=36.8833), 0.00865408 s/step
Meep progress: 36.375/500.0 = 7.3% done in 40.0s, 510.4s to go
on time step 4365 (time=36.375), 0.00881686 s/step
Meep progress: 40.25/500.0 = 8.1% done in 44.1s, 503.2s to go
on time step 4831 (time=40.2583), 0.00866053 s/step
Meep progress: 40.28333333333333/500.0 = 8.1% done in 44.0s, 502.6s to go
on time step 4834 (time=40.2833), 0.00866274 s/step
Meep progress: 40.74166666666667/500.0 = 8.1% done in 44.1s, 496.7s to go
on time step 4889 (time=40.7417), 0.00864647 s/step
Meep progress: 40.15/500.0 = 8.0% done in 44.0s, 504.5s to go
on time step 4818 (time=40.15), 0.0088304 s/step
Meep progress: 44.05/500.0 = 8.8% done in 48.1s, 497.5s to go
on time step 5287 (time=44.0583), 0.00878075 s/step
Meep progress: 44.13333333333333/500.0 = 8.8% done in 48.0s, 496.3s to go
on time step 5296 (time=44.1333), 0.00865972 s/step
Meep progress: 44.575/500.0 = 8.9% done in 48.1s, 491.1s to go
on time step 5349 (time=44.575), 0.00869717 s/step
Meep progress: 44.0/500.0 = 8.8% done in 48.1s, 498.0s to go
on time step 5280 (time=44), 0.00867225 s/step
Meep progress: 47.90833333333333/500.0 = 9.6% done in 52.1s, 491.3s to go
Meep progress: 47.99166666666667/500.0 = 9.6% done in 52.1s, 490.2s to go
on time step 5759 (time=47.9917), 0.00864825 s/step
on time step 5750 (time=47.9167), 0.00864926 s/step
Meep progress: 48.358333333333334/500.0 = 9.7% done in 52.1s, 486.3s to go
on time step 5803 (time=48.3583), 0.00881998 s/step
Meep progress: 47.825/500.0 = 9.6% done in 52.1s, 492.2s to go
on time step 5739 (time=47.825), 0.0087224 s/step
Meep progress: 51.775/500.0 = 10.4% done in 56.1s, 485.4s to go
Meep progress: 51.775/500.0 = 10.4% done in 56.1s, 485.3s to go
on time step 6213 (time=51.775), 0.00881974 s/step
on time step 6214 (time=51.7833), 0.00863723 s/step
Meep progress: 52.18333333333333/500.0 = 10.4% done in 56.1s, 481.2s to go
on time step 6262 (time=52.1833), 0.00872034 s/step
Meep progress: 51.65833333333333/500.0 = 10.3% done in 56.1s, 486.6s to go
on time step 6199 (time=51.6583), 0.00870465 s/step
Meep progress: 55.63333333333333/500.0 = 11.1% done in 60.1s, 479.8s to go
Meep progress: 55.6/500.0 = 11.1% done in 60.1s, 480.0s to go
on time step 6672 (time=55.6), 0.00871734 s/step
Meep progress: 55.99166666666667/500.0 = 11.2% done in 60.1s, 476.4s to go
on time step 6719 (time=55.9917), 0.00875529 s/step
on time step 6677 (time=55.6417), 0.008643 s/step
Meep progress: 55.46666666666667/500.0 = 11.1% done in 60.1s, 481.4s to go
on time step 6656 (time=55.4667), 0.00876516 s/step
Meep progress: 59.5/500.0 = 11.9% done in 64.1s, 474.4s to go
Meep progress: 59.38333333333333/500.0 = 11.9% done in 64.1s, 475.3s to go
on time step 7126 (time=59.3833), 0.00882037 s/step
Meep progress: 59.80833333333333/500.0 = 12.0% done in 64.1s, 471.6s to go
on time step 7177 (time=59.8083), 0.00874405 s/step
on time step 7141 (time=59.5083), 0.00863038 s/step
Meep progress: 59.208333333333336/500.0 = 11.8% done in 64.1s, 477.0s to go
on time step 7105 (time=59.2083), 0.00891916 s/step
Meep progress: 63.324999999999996/500.0 = 12.7% done in 68.1s, 469.5s to go
Meep progress: 63.175/500.0 = 12.6% done in 68.1s, 470.6s to go
on time step 7581 (time=63.175), 0.00880167 s/step
on time step 7600 (time=63.3333), 0.00872471 s/step
Meep progress: 63.608333333333334/500.0 = 12.7% done in 68.1s, 467.1s to go
on time step 7633 (time=63.6083), 0.008783 s/step
Meep progress: 63.041666666666664/500.0 = 12.6% done in 68.1s, 471.9s to go
on time step 7565 (time=63.0417), 0.00871337 s/step
Meep progress: 67.14166666666667/500.0 = 13.4% done in 72.1s, 464.8s to go
Meep progress: 67.00833333333333/500.0 = 13.4% done in 72.1s, 465.7s to go
on time step 8041 (time=67.0083), 0.00870207 s/step
Meep progress: 67.41666666666667/500.0 = 13.5% done in 72.1s, 462.6s to go
on time step 8090 (time=67.4167), 0.00875965 s/step
on time step 8058 (time=67.15), 0.0087479 s/step
Meep progress: 66.85833333333333/500.0 = 13.4% done in 72.1s, 467.0s to go
on time step 8023 (time=66.8583), 0.00874026 s/step
Meep progress: 70.86666666666666/500.0 = 14.2% done in 76.1s, 460.7s to go
on time step 8504 (time=70.8667), 0.00864927 s/step
Meep progress: 71.225/500.0 = 14.2% done in 76.1s, 458.0s to go
on time step 8547 (time=71.225), 0.00875328 s/step
Meep progress: 70.96666666666667/500.0 = 14.2% done in 76.1s, 460.1s to go
on time step 8516 (time=70.9667), 0.00873395 s/step
Meep progress: 70.71666666666667/500.0 = 14.1% done in 76.1s, 461.9s to go
on time step 8486 (time=70.7167), 0.00865141 s/step
Meep progress: 75.075/500.0 = 15.0% done in 80.1s, 453.3s to go
on time step 9009 (time=75.075), 0.00866221 s/step
Meep progress: 74.68333333333334/500.0 = 14.9% done in 80.1s, 456.0s to go
on time step 8962 (time=74.6833), 0.00874759 s/step
Meep progress: 74.80833333333334/500.0 = 15.0% done in 80.1s, 455.3s to go
on time step 8977 (time=74.8083), 0.00869233 s/step
Meep progress: 74.525/500.0 = 14.9% done in 80.1s, 457.3s to go
on time step 8943 (time=74.525), 0.00876659 s/step
Meep progress: 78.86666666666666/500.0 = 15.8% done in 84.1s, 449.0s to go
on time step 9464 (time=78.8667), 0.00879358 s/step
Meep progress: 78.525/500.0 = 15.7% done in 84.1s, 451.3s to go
on time step 9423 (time=78.525), 0.00868685 s/step
Meep progress: 78.65/500.0 = 15.7% done in 84.1s, 450.6s to go
on time step 9438 (time=78.65), 0.00868107 s/step
Meep progress: 78.36666666666666/500.0 = 15.7% done in 84.1s, 452.5s to go
on time step 9404 (time=78.3667), 0.00868628 s/step
Meep progress: 82.7/500.0 = 16.5% done in 88.1s, 444.5s to go
on time step 9924 (time=82.7), 0.00870781 s/step
Meep progress: 82.38333333333333/500.0 = 16.5% done in 88.1s, 446.5s to go
on time step 9886 (time=82.3833), 0.00865428 s/step
Meep progress: 82.46666666666667/500.0 = 16.5% done in 88.1s, 446.1s to go
on time step 9896 (time=82.4667), 0.00875086 s/step
Meep progress: 82.21666666666667/500.0 = 16.4% done in 88.1s, 447.7s to go
on time step 9866 (time=82.2167), 0.00867361 s/step
Meep progress: 86.48333333333333/500.0 = 17.3% done in 92.1s, 440.4s to go
on time step 10378 (time=86.4833), 0.00881641 s/step
Meep progress: 86.30833333333334/500.0 = 17.3% done in 92.1s, 441.5s to go
on time step 10357 (time=86.3083), 0.00868628 s/step
Meep progress: 86.19166666666666/500.0 = 17.2% done in 92.1s, 442.2s to go
on time step 10343 (time=86.1917), 0.00876976 s/step
Meep progress: 86.0/500.0 = 17.2% done in 92.1s, 443.4s to go
on time step 10320 (time=86), 0.00882589 s/step
Meep progress: 90.28333333333333/500.0 = 18.1% done in 96.1s, 436.1s to go
on time step 10834 (time=90.2833), 0.00877201 s/step
Meep progress: 90.0/500.0 = 18.0% done in 96.1s, 437.8s to go
on time step 10800 (time=90), 0.00875689 s/step
Meep progress: 90.125/500.0 = 18.0% done in 96.1s, 437.2s to go
on time step 10815 (time=90.125), 0.00875123 s/step
Meep progress: 89.8/500.0 = 18.0% done in 96.1s, 439.1s to go
on time step 10776 (time=89.8), 0.0087886 s/step
Meep progress: 94.125/500.0 = 18.8% done in 100.1s, 431.6s to go
on time step 11295 (time=94.125), 0.00867856 s/step
Meep progress: 93.85833333333333/500.0 = 18.8% done in 100.1s, 433.2s to go
on time step 11263 (time=93.8583), 0.00865278 s/step
Meep progress: 93.94166666666666/500.0 = 18.8% done in 100.1s, 432.8s to go
on time step 11273 (time=93.9417), 0.00874547 s/step
Meep progress: 93.60833333333333/500.0 = 18.7% done in 100.1s, 434.7s to go
on time step 11233 (time=93.6083), 0.00875493 s/step
Meep progress: 97.925/500.0 = 19.6% done in 104.1s, 427.4s to go
on time step 11751 (time=97.925), 0.00878178 s/step
Meep progress: 97.70833333333333/500.0 = 19.5% done in 104.1s, 428.6s to go
on time step 11725 (time=97.7083), 0.00866506 s/step
Meep progress: 97.78333333333333/500.0 = 19.6% done in 104.1s, 428.3s to go
on time step 11734 (time=97.7833), 0.00867891 s/step
Meep progress: 97.44166666666666/500.0 = 19.5% done in 104.1s, 430.2s to go
on time step 11693 (time=97.4417), 0.00871249 s/step
Meep progress: 101.70833333333333/500.0 = 20.3% done in 108.1s, 423.3s to go
on time step 12205 (time=101.708), 0.00881297 s/step
Meep progress: 101.56666666666666/500.0 = 20.3% done in 108.1s, 424.1s to go
on time step 12188 (time=101.567), 0.00865049 s/step
Meep progress: 101.64166666666667/500.0 = 20.3% done in 108.1s, 423.8s to go
on time step 12197 (time=101.642), 0.00865152 s/step
Meep progress: 101.275/500.0 = 20.3% done in 108.1s, 425.7s to go
on time step 12153 (time=101.275), 0.00870076 s/step
Meep progress: 105.52499999999999/500.0 = 21.1% done in 112.1s, 419.1s to go
on time step 12663 (time=105.525), 0.00874579 s/step
Meep progress: 105.375/500.0 = 21.1% done in 112.1s, 419.9s to go
on time step 12645 (time=105.375), 0.00876614 s/step
Meep progress: 105.48333333333333/500.0 = 21.1% done in 112.1s, 419.4s to go
on time step 12658 (time=105.483), 0.00869391 s/step
Meep progress: 105.125/500.0 = 21.0% done in 112.1s, 421.2s to go
on time step 12615 (time=105.125), 0.00867529 s/step
Meep progress: 109.35/500.0 = 21.9% done in 116.1s, 414.8s to go
on time step 13122 (time=109.35), 0.00871865 s/step
Meep progress: 109.175/500.0 = 21.8% done in 116.1s, 415.7s to go
on time step 13101 (time=109.175), 0.00877968 s/step
Meep progress: 109.35/500.0 = 21.9% done in 116.2s, 415.0s to go
on time step 13122 (time=109.35), 0.00863694 s/step
Meep progress: 108.96666666666667/500.0 = 21.8% done in 116.1s, 416.8s to go
on time step 13076 (time=108.967), 0.00868133 s/step
Meep progress: 113.2/500.0 = 22.6% done in 120.1s, 410.4s to go
on time step 13584 (time=113.2), 0.00866521 s/step
Meep progress: 113.00833333333333/500.0 = 22.6% done in 120.1s, 411.4s to go
on time step 13561 (time=113.008), 0.00870172 s/step
Meep progress: 113.19166666666666/500.0 = 22.6% done in 120.2s, 410.6s to go
on time step 13583 (time=113.192), 0.00869343 s/step
Meep progress: 112.75/500.0 = 22.6% done in 120.1s, 412.7s to go
on time step 13530 (time=112.75), 0.0088143 s/step
Meep progress: 117.0/500.0 = 23.4% done in 124.1s, 406.3s to go
on time step 14040 (time=117), 0.00879496 s/step
Meep progress: 116.85/500.0 = 23.4% done in 124.1s, 407.0s to go
on time step 14022 (time=116.85), 0.0086958 s/step
Meep progress: 116.93333333333334/500.0 = 23.4% done in 124.2s, 406.8s to go
on time step 14032 (time=116.933), 0.00894549 s/step
Meep progress: 116.49166666666666/500.0 = 23.3% done in 124.2s, 408.7s to go
on time step 13979 (time=116.492), 0.00892981 s/step
Meep progress: 120.81666666666666/500.0 = 24.2% done in 128.1s, 402.1s to go
on time step 14498 (time=120.817), 0.00874846 s/step
Meep progress: 120.63333333333333/500.0 = 24.1% done in 128.1s, 403.0s to go
on time step 14476 (time=120.633), 0.00881946 s/step
Meep progress: 120.76666666666667/500.0 = 24.2% done in 128.2s, 402.5s to go
on time step 14492 (time=120.767), 0.00870217 s/step
Meep progress: 120.25/500.0 = 24.1% done in 128.2s, 404.7s to go
on time step 14430 (time=120.25), 0.00887606 s/step
Meep progress: 124.66666666666667/500.0 = 24.9% done in 132.1s, 397.8s to go
on time step 14960 (time=124.667), 0.00867574 s/step
Meep progress: 124.45833333333333/500.0 = 24.9% done in 132.1s, 398.7s to go
on time step 14935 (time=124.458), 0.00873161 s/step
Meep progress: 124.6/500.0 = 24.9% done in 132.2s, 398.3s to go
on time step 14952 (time=124.6), 0.00870295 s/step
Meep progress: 124.05833333333334/500.0 = 24.8% done in 132.2s, 400.5s to go
on time step 14887 (time=124.058), 0.00876602 s/step
Meep progress: 128.51666666666665/500.0 = 25.7% done in 136.1s, 393.5s to go
on time step 15422 (time=128.517), 0.00867006 s/step
Meep progress: 128.28333333333333/500.0 = 25.7% done in 136.2s, 394.5s to go
on time step 15394 (time=128.283), 0.00872827 s/step
Meep progress: 128.46666666666667/500.0 = 25.7% done in 136.2s, 393.9s to go
on time step 15416 (time=128.467), 0.00863457 s/step
Meep progress: 127.86666666666666/500.0 = 25.6% done in 136.2s, 396.3s to go
on time step 15344 (time=127.867), 0.00876974 s/step
Meep progress: 132.30833333333334/500.0 = 26.5% done in 140.2s, 389.5s to go
on time step 15877 (time=132.308), 0.00880157 s/step
Meep progress: 132.15/500.0 = 26.4% done in 140.2s, 390.1s to go
on time step 15858 (time=132.15), 0.00862998 s/step
Meep progress: 132.31666666666666/500.0 = 26.5% done in 140.2s, 389.6s to go
on time step 15878 (time=132.317), 0.00867546 s/step
Meep progress: 131.69166666666666/500.0 = 26.3% done in 140.2s, 392.0s to go
on time step 15803 (time=131.692), 0.00872812 s/step
Meep progress: 136.125/500.0 = 27.2% done in 144.2s, 385.3s to go
on time step 16335 (time=136.125), 0.00874086 s/step
Meep progress: 135.95/500.0 = 27.2% done in 144.2s, 386.0s to go
on time step 16314 (time=135.95), 0.00877845 s/step
Meep progress: 136.175/500.0 = 27.2% done in 144.2s, 385.3s to go
on time step 16341 (time=136.175), 0.00864534 s/step
Meep progress: 135.53333333333333/500.0 = 27.1% done in 144.2s, 387.7s to go
on time step 16264 (time=135.533), 0.00868695 s/step
Meep progress: 139.96666666666667/500.0 = 28.0% done in 148.2s, 381.1s to go
on time step 16796 (time=139.967), 0.0086922 s/step
Meep progress: 139.74166666666667/500.0 = 27.9% done in 148.2s, 382.0s to go
on time step 16769 (time=139.742), 0.00879477 s/step
Meep progress: 140.04166666666666/500.0 = 28.0% done in 148.2s, 381.0s to go
on time step 16805 (time=140.042), 0.00863891 s/step
Meep progress: 139.38333333333333/500.0 = 27.9% done in 148.2s, 383.4s to go
on time step 16726 (time=139.383), 0.00867537 s/step
Meep progress: 143.81666666666666/500.0 = 28.8% done in 152.2s, 376.9s to go
on time step 17258 (time=143.817), 0.00867344 s/step
Meep progress: 143.58333333333334/500.0 = 28.7% done in 152.2s, 377.7s to go
on time step 17230 (time=143.583), 0.00868592 s/step
Meep progress: 143.85/500.0 = 28.8% done in 152.2s, 376.9s to go
on time step 17262 (time=143.85), 0.00876758 s/step
Meep progress: 143.225/500.0 = 28.6% done in 152.2s, 379.1s to go
on time step 17187 (time=143.225), 0.00868199 s/step
Meep progress: 147.54166666666666/500.0 = 29.5% done in 156.2s, 373.1s to go
on time step 17705 (time=147.542), 0.00895488 s/step
Meep progress: 147.34166666666667/500.0 = 29.5% done in 156.2s, 373.8s to go
on time step 17681 (time=147.342), 0.00887476 s/step
Meep progress: 147.35833333333332/500.0 = 29.5% done in 156.2s, 373.9s to go
on time step 17683 (time=147.358), 0.00951872 s/step
Meep progress: 147.0/500.0 = 29.4% done in 156.2s, 375.1s to go
on time step 17640 (time=147), 0.00883698 s/step
Meep progress: 151.35833333333332/500.0 = 30.3% done in 160.2s, 368.9s to go
on time step 18163 (time=151.358), 0.008737 s/step
Meep progress: 151.14166666666665/500.0 = 30.2% done in 160.2s, 369.7s to go
on time step 18137 (time=151.142), 0.00878613 s/step
Meep progress: 151.175/500.0 = 30.2% done in 160.2s, 369.7s to go
on time step 18141 (time=151.175), 0.00874015 s/step
Meep progress: 150.79166666666666/500.0 = 30.2% done in 160.2s, 371.0s to go
on time step 18095 (time=150.792), 0.00880527 s/step
Meep progress: 155.2/500.0 = 31.0% done in 164.2s, 364.7s to go
on time step 18624 (time=155.2), 0.00868383 s/step
Meep progress: 155.0/500.0 = 31.0% done in 164.2s, 365.4s to go
on time step 18600 (time=155), 0.00864686 s/step
Meep progress: 155.04166666666666/500.0 = 31.0% done in 164.2s, 365.4s to go
on time step 18605 (time=155.042), 0.00863328 s/step
Meep progress: 154.56666666666666/500.0 = 30.9% done in 164.2s, 367.0s to go
on time step 18548 (time=154.567), 0.00883642 s/step
Meep progress: 159.04166666666666/500.0 = 31.8% done in 168.2s, 360.6s to go
on time step 19085 (time=159.042), 0.00868602 s/step
Meep progress: 158.84166666666667/500.0 = 31.8% done in 168.2s, 361.2s to go
on time step 19061 (time=158.842), 0.00868361 s/step
Meep progress: 158.90833333333333/500.0 = 31.8% done in 168.2s, 361.1s to go
on time step 19069 (time=158.908), 0.00863651 s/step
Meep progress: 158.35833333333332/500.0 = 31.7% done in 168.2s, 362.9s to go
on time step 19003 (time=158.358), 0.00880923 s/step
Meep progress: 162.875/500.0 = 32.6% done in 172.2s, 356.4s to go
on time step 19545 (time=162.875), 0.00870218 s/step
Meep progress: 162.7/500.0 = 32.5% done in 172.2s, 357.0s to go
on time step 19524 (time=162.7), 0.00865638 s/step
Meep progress: 162.74166666666667/500.0 = 32.5% done in 172.3s, 357.0s to go
on time step 19529 (time=162.742), 0.0087082 s/step
Meep progress: 162.16666666666666/500.0 = 32.4% done in 172.2s, 358.8s to go
on time step 19460 (time=162.167), 0.00875747 s/step
Meep progress: 166.71666666666667/500.0 = 33.3% done in 176.2s, 352.2s to go
on time step 20006 (time=166.717), 0.00869074 s/step
Meep progress: 166.51666666666665/500.0 = 33.3% done in 176.2s, 352.9s to go
on time step 19982 (time=166.517), 0.0087444 s/step
Meep progress: 166.00833333333333/500.0 = 33.2% done in 176.2s, 354.5s to go
on time step 19921 (time=166.008), 0.00867802 s/step
Meep progress: 166.575/500.0 = 33.3% done in 176.3s, 352.8s to go
on time step 19989 (time=166.575), 0.00870994 s/step
Meep progress: 170.55/500.0 = 34.1% done in 180.2s, 348.1s to go
on time step 20466 (time=170.55), 0.00870133 s/step
Meep progress: 170.3/500.0 = 34.1% done in 180.2s, 348.9s to go
on time step 20436 (time=170.3), 0.00882116 s/step
Meep progress: 169.83333333333334/500.0 = 34.0% done in 180.2s, 350.4s to go
on time step 20380 (time=169.833), 0.00872389 s/step
Meep progress: 170.43333333333334/500.0 = 34.1% done in 180.3s, 348.6s to go
on time step 20452 (time=170.433), 0.0086492 s/step
Meep progress: 174.4/500.0 = 34.9% done in 184.2s, 343.9s to go
on time step 20928 (time=174.4), 0.00866808 s/step
Meep progress: 174.11666666666667/500.0 = 34.8% done in 184.2s, 344.8s to go
on time step 20894 (time=174.117), 0.00874455 s/step
Meep progress: 174.275/500.0 = 34.9% done in 184.3s, 344.4s to go
on time step 20913 (time=174.275), 0.00867802 s/step
Meep progress: 173.63333333333333/500.0 = 34.7% done in 184.2s, 346.3s to go
on time step 20836 (time=173.633), 0.00878225 s/step
Meep progress: 178.225/500.0 = 35.6% done in 188.2s, 339.8s to go
on time step 21387 (time=178.225), 0.00872215 s/step
Meep progress: 177.96666666666667/500.0 = 35.6% done in 188.2s, 340.6s to go
on time step 21356 (time=177.967), 0.00866394 s/step
Meep progress: 178.00833333333333/500.0 = 35.6% done in 188.3s, 340.5s to go
on time step 21361 (time=178.008), 0.00893775 s/step
Meep progress: 177.45833333333334/500.0 = 35.5% done in 188.2s, 342.1s to go
on time step 21295 (time=177.458), 0.0087327 s/step
Meep progress: 182.00833333333333/500.0 = 36.4% done in 192.2s, 335.8s to go
on time step 21841 (time=182.008), 0.00881071 s/step
Meep progress: 181.8/500.0 = 36.4% done in 192.2s, 336.4s to go
on time step 21816 (time=181.8), 0.00870042 s/step
Meep progress: 181.85/500.0 = 36.4% done in 192.3s, 336.4s to go
on time step 21822 (time=181.85), 0.00869403 s/step
Meep progress: 181.3/500.0 = 36.3% done in 192.2s, 337.9s to go
on time step 21756 (time=181.3), 0.00869375 s/step
Meep progress: 185.86666666666667/500.0 = 37.2% done in 196.2s, 331.6s to go
on time step 22304 (time=185.867), 0.0086527 s/step
Meep progress: 185.65833333333333/500.0 = 37.1% done in 196.2s, 332.2s to go
on time step 22279 (time=185.658), 0.00864578 s/step
Meep progress: 185.64166666666665/500.0 = 37.1% done in 196.3s, 332.4s to go
on time step 22277 (time=185.642), 0.00879349 s/step
Meep progress: 185.13333333333333/500.0 = 37.0% done in 196.2s, 333.8s to go
on time step 22216 (time=185.133), 0.00870148 s/step
Meep progress: 189.675/500.0 = 37.9% done in 200.2s, 327.6s to go
on time step 22761 (time=189.675), 0.0087547 s/step
Meep progress: 189.48333333333332/500.0 = 37.9% done in 200.2s, 328.1s to go
on time step 22738 (time=189.483), 0.00872685 s/step
Meep progress: 189.475/500.0 = 37.9% done in 200.3s, 328.2s to go
on time step 22737 (time=189.475), 0.00870707 s/step
Meep progress: 188.975/500.0 = 37.8% done in 200.2s, 329.6s to go
on time step 22677 (time=188.975), 0.00867862 s/step
Meep progress: 193.46666666666667/500.0 = 38.7% done in 204.2s, 323.6s to go
on time step 23216 (time=193.467), 0.00879174 s/step
Meep progress: 193.30833333333334/500.0 = 38.7% done in 204.2s, 324.0s to go
on time step 23197 (time=193.308), 0.00873096 s/step
Meep progress: 193.34166666666667/500.0 = 38.7% done in 204.3s, 324.0s to go
on time step 23201 (time=193.342), 0.0086307 s/step
Meep progress: 192.825/500.0 = 38.6% done in 204.3s, 325.4s to go
on time step 23139 (time=192.825), 0.00867552 s/step
Meep progress: 197.325/500.0 = 39.5% done in 208.2s, 319.4s to go
on time step 23679 (time=197.325), 0.00864937 s/step
Meep progress: 197.15833333333333/500.0 = 39.4% done in 208.2s, 319.8s to go
on time step 23659 (time=197.158), 0.00866225 s/step
Meep progress: 197.14166666666665/500.0 = 39.4% done in 208.3s, 320.0s to go
on time step 23657 (time=197.142), 0.00877711 s/step
Meep progress: 196.65/500.0 = 39.3% done in 208.3s, 321.3s to go
on time step 23598 (time=196.65), 0.00872616 s/step
Meep progress: 201.18333333333334/500.0 = 40.2% done in 212.2s, 315.2s to go
on time step 24142 (time=201.183), 0.00865496 s/step
Meep progress: 201.01666666666665/500.0 = 40.2% done in 212.2s, 315.7s to go
on time step 24122 (time=201.017), 0.00865614 s/step
Meep progress: 200.95/500.0 = 40.2% done in 212.3s, 315.9s to go
on time step 24114 (time=200.95), 0.00875498 s/step
Meep progress: 200.46666666666667/500.0 = 40.1% done in 212.3s, 317.2s to go
on time step 24056 (time=200.467), 0.00874553 s/step
Meep progress: 205.04166666666666/500.0 = 41.0% done in 216.2s, 311.1s to go
on time step 24605 (time=205.042), 0.00865493 s/step
Meep progress: 204.875/500.0 = 41.0% done in 216.2s, 311.5s to go
on time step 24585 (time=204.875), 0.00865243 s/step
Meep progress: 204.74166666666667/500.0 = 40.9% done in 216.3s, 311.9s to go
on time step 24569 (time=204.742), 0.00879422 s/step
Meep progress: 204.29166666666666/500.0 = 40.9% done in 216.3s, 313.0s to go
on time step 24515 (time=204.292), 0.00872484 s/step
Meep progress: 208.81666666666666/500.0 = 41.8% done in 220.2s, 307.1s to go
on time step 25058 (time=208.817), 0.00884291 s/step
Meep progress: 208.67499999999998/500.0 = 41.7% done in 220.2s, 307.5s to go
on time step 25041 (time=208.675), 0.00877249 s/step
Meep progress: 208.54999999999998/500.0 = 41.7% done in 220.3s, 307.9s to go
on time step 25026 (time=208.55), 0.0087638 s/step
Meep progress: 208.125/500.0 = 41.6% done in 220.3s, 308.9s to go
on time step 24975 (time=208.125), 0.00871106 s/step
Meep progress: 212.54166666666666/500.0 = 42.5% done in 224.2s, 303.3s to go
on time step 25505 (time=212.542), 0.00895457 s/step
Meep progress: 212.53333333333333/500.0 = 42.5% done in 224.2s, 303.3s to go
on time step 25504 (time=212.533), 0.00864896 s/step
Meep progress: 212.38333333333333/500.0 = 42.5% done in 224.3s, 303.8s to go
on time step 25486 (time=212.383), 0.00870851 s/step
Meep progress: 211.94166666666666/500.0 = 42.4% done in 224.3s, 304.8s to go
on time step 25433 (time=211.942), 0.00874979 s/step
Meep progress: 216.35/500.0 = 43.3% done in 228.2s, 299.2s to go
on time step 25962 (time=216.35), 0.00877032 s/step
Meep progress: 216.39166666666665/500.0 = 43.3% done in 228.3s, 299.2s to go
on time step 25967 (time=216.392), 0.00865459 s/step
Meep progress: 216.20833333333334/500.0 = 43.2% done in 228.3s, 299.7s to go
on time step 25945 (time=216.208), 0.00873191 s/step
Meep progress: 215.79999999999998/500.0 = 43.2% done in 228.3s, 300.7s to go
on time step 25896 (time=215.8), 0.0086536 s/step
Meep progress: 220.2/500.0 = 44.0% done in 232.3s, 295.1s to go
on time step 26424 (time=220.2), 0.0086768 s/step
Meep progress: 220.24166666666667/500.0 = 44.0% done in 232.3s, 295.0s to go
on time step 26429 (time=220.242), 0.00866899 s/step
Meep progress: 220.04999999999998/500.0 = 44.0% done in 232.3s, 295.6s to go
on time step 26406 (time=220.05), 0.00868635 s/step
Meep progress: 219.575/500.0 = 43.9% done in 232.3s, 296.7s to go
on time step 26349 (time=219.575), 0.00883458 s/step
Meep progress: 223.93333333333334/500.0 = 44.8% done in 236.3s, 291.3s to go
on time step 26872 (time=223.933), 0.00894677 s/step
Meep progress: 224.01666666666665/500.0 = 44.8% done in 236.3s, 291.1s to go
on time step 26882 (time=224.017), 0.00883956 s/step
Meep progress: 223.825/500.0 = 44.8% done in 236.3s, 291.6s to go
on time step 26859 (time=223.825), 0.00884837 s/step
Meep progress: 223.35833333333332/500.0 = 44.7% done in 236.3s, 292.7s to go
on time step 26803 (time=223.358), 0.00882428 s/step
Meep progress: 227.75/500.0 = 45.5% done in 240.3s, 287.2s to go
on time step 27330 (time=227.75), 0.00874069 s/step
Meep progress: 227.81666666666666/500.0 = 45.6% done in 240.3s, 287.1s to go
on time step 27338 (time=227.817), 0.00877258 s/step
Meep progress: 227.67499999999998/500.0 = 45.5% done in 240.3s, 287.5s to go
on time step 27321 (time=227.675), 0.00867244 s/step
Meep progress: 227.21666666666667/500.0 = 45.4% done in 240.3s, 288.5s to go
on time step 27266 (time=227.217), 0.00864771 s/step
Meep progress: 231.575/500.0 = 46.3% done in 244.3s, 283.1s to go
on time step 27789 (time=231.575), 0.00872113 s/step
Meep progress: 231.65833333333333/500.0 = 46.3% done in 244.3s, 283.0s to go
on time step 27799 (time=231.658), 0.008689 s/step
Meep progress: 231.525/500.0 = 46.3% done in 244.3s, 283.3s to go
on time step 27783 (time=231.525), 0.00866985 s/step
Meep progress: 231.03333333333333/500.0 = 46.2% done in 244.3s, 284.4s to go
on time step 27724 (time=231.033), 0.00875206 s/step
Meep progress: 235.375/500.0 = 47.1% done in 248.3s, 279.1s to go
on time step 28245 (time=235.375), 0.00878629 s/step
Meep progress: 235.51666666666665/500.0 = 47.1% done in 248.3s, 278.8s to go
on time step 28262 (time=235.517), 0.0086532 s/step
Meep progress: 235.36666666666667/500.0 = 47.1% done in 248.3s, 279.2s to go
on time step 28244 (time=235.367), 0.008687 s/step
Meep progress: 234.79999999999998/500.0 = 47.0% done in 248.3s, 280.5s to go
on time step 28176 (time=234.8), 0.00885819 s/step
Meep progress: 239.03333333333333/500.0 = 47.8% done in 252.3s, 275.4s to go
on time step 28684 (time=239.033), 0.00911599 s/step
Meep progress: 239.15833333333333/500.0 = 47.8% done in 252.3s, 275.2s to go
on time step 28699 (time=239.158), 0.00916479 s/step
Meep progress: 239.00833333333333/500.0 = 47.8% done in 252.3s, 275.5s to go
on time step 28681 (time=239.008), 0.00915627 s/step
Meep progress: 238.45/500.0 = 47.7% done in 252.3s, 276.8s to go
on time step 28614 (time=238.45), 0.00915013 s/step
Meep progress: 242.53333333333333/500.0 = 48.5% done in 256.3s, 272.1s to go
on time step 29104 (time=242.533), 0.00953952 s/step
Meep progress: 242.54166666666666/500.0 = 48.5% done in 256.3s, 272.0s to go
on time step 29105 (time=242.542), 0.00986107 s/step
Meep progress: 242.45/500.0 = 48.5% done in 256.3s, 272.3s to go
on time step 29094 (time=242.45), 0.00969634 s/step
Meep progress: 241.95833333333334/500.0 = 48.4% done in 256.3s, 273.4s to go
on time step 29035 (time=241.958), 0.0095152 s/step
Meep progress: 246.4/500.0 = 49.3% done in 260.3s, 267.9s to go
on time step 29568 (time=246.4), 0.00863096 s/step
Meep progress: 246.39166666666665/500.0 = 49.3% done in 260.3s, 267.9s to go
on time step 29567 (time=246.392), 0.00866358 s/step
Meep progress: 246.29166666666666/500.0 = 49.3% done in 260.4s, 268.2s to go
on time step 29555 (time=246.292), 0.00869491 s/step
Meep progress: 245.75833333333333/500.0 = 49.2% done in 260.3s, 269.3s to go
on time step 29491 (time=245.758), 0.00878201 s/step
Meep progress: 250.25833333333333/500.0 = 50.1% done in 264.3s, 263.8s to go
on time step 30031 (time=250.258), 0.00865476 s/step
Meep progress: 250.25/500.0 = 50.0% done in 264.3s, 263.8s to go
on time step 30030 (time=250.25), 0.00864185 s/step
Meep progress: 250.14166666666665/500.0 = 50.0% done in 264.4s, 264.1s to go
on time step 30017 (time=250.142), 0.00867255 s/step
Meep progress: 249.50833333333333/500.0 = 49.9% done in 264.3s, 265.4s to go
on time step 29941 (time=249.508), 0.00889687 s/step
Meep progress: 254.1/500.0 = 50.8% done in 268.3s, 259.6s to go
on time step 30492 (time=254.1), 0.00867975 s/step
Meep progress: 254.1/500.0 = 50.8% done in 268.3s, 259.6s to go
on time step 30492 (time=254.1), 0.00866842 s/step
Meep progress: 253.975/500.0 = 50.8% done in 268.4s, 260.0s to go
on time step 30477 (time=253.975), 0.00869766 s/step
Meep progress: 253.29166666666666/500.0 = 50.7% done in 268.3s, 261.4s to go
on time step 30395 (time=253.292), 0.00881673 s/step
Meep progress: 257.93333333333334/500.0 = 51.6% done in 272.3s, 255.5s to go
on time step 30952 (time=257.933), 0.00869599 s/step
Meep progress: 257.96666666666664/500.0 = 51.6% done in 272.3s, 255.5s to go
on time step 30956 (time=257.967), 0.0086252 s/step
Meep progress: 257.775/500.0 = 51.6% done in 272.4s, 255.9s to go
on time step 30933 (time=257.775), 0.00877536 s/step
Meep progress: 257.1166666666667/500.0 = 51.4% done in 272.3s, 257.3s to go
on time step 30854 (time=257.117), 0.00871916 s/step
Meep progress: 261.7/500.0 = 52.3% done in 276.3s, 251.6s to go
on time step 31404 (time=261.7), 0.00886155 s/step
Meep progress: 261.69166666666666/500.0 = 52.3% done in 276.3s, 251.6s to go
on time step 31403 (time=261.692), 0.00896006 s/step
Meep progress: 261.55/500.0 = 52.3% done in 276.4s, 252.0s to go
on time step 31386 (time=261.55), 0.00884653 s/step
Meep progress: 260.9083333333333/500.0 = 52.2% done in 276.3s, 253.2s to go
on time step 31309 (time=260.908), 0.00880024 s/step
Meep progress: 265.48333333333335/500.0 = 53.1% done in 280.3s, 247.6s to go
on time step 31858 (time=265.483), 0.00881135 s/step
Meep progress: 265.525/500.0 = 53.1% done in 280.3s, 247.5s to go
on time step 31863 (time=265.525), 0.0087055 s/step
Meep progress: 265.1/500.0 = 53.0% done in 280.4s, 248.4s to go
on time step 31812 (time=265.1), 0.00939552 s/step
Meep progress: 264.60833333333335/500.0 = 52.9% done in 280.3s, 249.4s to go
on time step 31753 (time=264.608), 0.00901319 s/step
Meep progress: 269.2833333333333/500.0 = 53.9% done in 284.3s, 243.6s to go
on time step 32314 (time=269.283), 0.00877251 s/step
Meep progress: 269.3333333333333/500.0 = 53.9% done in 284.3s, 243.5s to go
on time step 32320 (time=269.333), 0.00875826 s/step
Meep progress: 268.94166666666666/500.0 = 53.8% done in 284.4s, 244.3s to go
on time step 32273 (time=268.942), 0.00868069 s/step
Meep progress: 268.3833333333333/500.0 = 53.7% done in 284.4s, 245.4s to go
on time step 32206 (time=268.383), 0.00883641 s/step
Meep progress: 272.98333333333335/500.0 = 54.6% done in 288.3s, 239.8s to go
on time step 32758 (time=272.983), 0.00901409 s/step
Meep progress: 273.06666666666666/500.0 = 54.6% done in 288.3s, 239.6s to go
on time step 32768 (time=273.067), 0.00894773 s/step
Meep progress: 272.7083333333333/500.0 = 54.5% done in 288.4s, 240.4s to go
on time step 32725 (time=272.708), 0.00885917 s/step
Meep progress: 272.14166666666665/500.0 = 54.4% done in 288.4s, 241.4s to go
on time step 32657 (time=272.142), 0.00887662 s/step
Meep progress: 276.8/500.0 = 55.4% done in 292.3s, 235.7s to go
on time step 33216 (time=276.8), 0.00873562 s/step
Meep progress: 276.9166666666667/500.0 = 55.4% done in 292.3s, 235.5s to go
on time step 33230 (time=276.917), 0.0086675 s/step
Meep progress: 276.56666666666666/500.0 = 55.3% done in 292.4s, 236.2s to go
on time step 33188 (time=276.567), 0.00864122 s/step
Meep progress: 275.93333333333334/500.0 = 55.2% done in 292.4s, 237.4s to go
on time step 33112 (time=275.933), 0.00880017 s/step
Meep progress: 280.65/500.0 = 56.1% done in 296.3s, 231.6s to go
on time step 33678 (time=280.65), 0.00867125 s/step
Meep progress: 280.76666666666665/500.0 = 56.2% done in 296.3s, 231.4s to go
on time step 33692 (time=280.767), 0.00865987 s/step
Meep progress: 280.35833333333335/500.0 = 56.1% done in 296.4s, 232.2s to go
on time step 33643 (time=280.358), 0.00879126 s/step
Meep progress: 279.75/500.0 = 56.0% done in 296.4s, 233.3s to go
on time step 33570 (time=279.75), 0.00874351 s/step
Meep progress: 284.4916666666667/500.0 = 56.9% done in 300.3s, 227.5s to go
on time step 34139 (time=284.492), 0.00869145 s/step
Meep progress: 284.575/500.0 = 56.9% done in 300.3s, 227.3s to go
on time step 34149 (time=284.575), 0.008763 s/step
Meep progress: 284.2/500.0 = 56.8% done in 300.4s, 228.1s to go
on time step 34104 (time=284.2), 0.0086918 s/step
Meep progress: 283.5833333333333/500.0 = 56.7% done in 300.4s, 229.2s to go
on time step 34030 (time=283.583), 0.00869752 s/step
Meep progress: 288.3333333333333/500.0 = 57.7% done in 304.3s, 223.4s to go
on time step 34600 (time=288.333), 0.00868274 s/step
Meep progress: 288.4083333333333/500.0 = 57.7% done in 304.3s, 223.3s to go
on time step 34609 (time=288.408), 0.00870617 s/step
Meep progress: 288.05/500.0 = 57.6% done in 304.4s, 224.0s to go
on time step 34566 (time=288.05), 0.00866482 s/step
Meep progress: 287.3833333333333/500.0 = 57.5% done in 304.4s, 225.2s to go
on time step 34486 (time=287.383), 0.00877819 s/step
Meep progress: 292.1666666666667/500.0 = 58.4% done in 308.3s, 219.3s to go
on time step 35060 (time=292.167), 0.00871096 s/step
Meep progress: 292.175/500.0 = 58.4% done in 308.3s, 219.3s to go
on time step 35061 (time=292.175), 0.00884964 s/step
Meep progress: 291.875/500.0 = 58.4% done in 308.4s, 219.9s to go
on time step 35025 (time=291.875), 0.00872292 s/step
Meep progress: 291.2/500.0 = 58.2% done in 308.4s, 221.1s to go
on time step 34944 (time=291.2), 0.00873849 s/step
Meep progress: 296.0/500.0 = 59.2% done in 312.3s, 215.3s to go
on time step 35520 (time=296), 0.00870154 s/step
Meep progress: 296.0083333333333/500.0 = 59.2% done in 312.3s, 215.2s to go
on time step 35521 (time=296.008), 0.008698 s/step
Meep progress: 295.675/500.0 = 59.1% done in 312.4s, 215.9s to go
on time step 35481 (time=295.675), 0.0087799 s/step
Meep progress: 294.95/500.0 = 59.0% done in 312.4s, 217.2s to go
on time step 35394 (time=294.95), 0.00888966 s/step
Meep progress: 299.69166666666666/500.0 = 59.9% done in 316.3s, 211.4s to go
on time step 35963 (time=299.692), 0.00904816 s/step
Meep progress: 299.76666666666665/500.0 = 60.0% done in 316.3s, 211.3s to go
on time step 35972 (time=299.767), 0.00886981 s/step
Meep progress: 299.4083333333333/500.0 = 59.9% done in 316.4s, 212.0s to go
on time step 35929 (time=299.408), 0.00893466 s/step
Meep progress: 298.7/500.0 = 59.7% done in 316.4s, 213.2s to go
on time step 35844 (time=298.7), 0.00890458 s/step
Meep progress: 303.525/500.0 = 60.7% done in 320.3s, 207.4s to go
on time step 36423 (time=303.525), 0.00869914 s/step
Meep progress: 303.6333333333333/500.0 = 60.7% done in 320.3s, 207.2s to go
on time step 36436 (time=303.633), 0.00863541 s/step
Meep progress: 303.275/500.0 = 60.7% done in 320.4s, 207.8s to go
on time step 36393 (time=303.275), 0.0086327 s/step
Meep progress: 302.475/500.0 = 60.5% done in 320.4s, 209.2s to go
on time step 36297 (time=302.475), 0.00883343 s/step
Meep progress: 307.375/500.0 = 61.5% done in 324.3s, 203.3s to go
on time step 36885 (time=307.375), 0.00866378 s/step
Meep progress: 307.4916666666667/500.0 = 61.5% done in 324.3s, 203.1s to go
on time step 36899 (time=307.492), 0.0086497 s/step
Meep progress: 307.09166666666664/500.0 = 61.4% done in 324.4s, 203.8s to go
on time step 36851 (time=307.092), 0.00874837 s/step
Meep progress: 306.2833333333333/500.0 = 61.3% done in 324.4s, 205.2s to go
on time step 36754 (time=306.283), 0.00876411 s/step
Meep progress: 311.23333333333335/500.0 = 62.2% done in 328.4s, 199.1s to go
on time step 37348 (time=311.233), 0.00865474 s/step
Meep progress: 311.35/500.0 = 62.3% done in 328.3s, 198.9s to go
on time step 37362 (time=311.35), 0.00863979 s/step
Meep progress: 310.93333333333334/500.0 = 62.2% done in 328.4s, 199.7s to go
on time step 37312 (time=310.933), 0.00868595 s/step
Meep progress: 310.06666666666666/500.0 = 62.0% done in 328.4s, 201.2s to go
on time step 37208 (time=310.067), 0.008828 s/step
Meep progress: 315.075/500.0 = 63.0% done in 332.4s, 195.1s to go
on time step 37809 (time=315.075), 0.00867741 s/step
Meep progress: 315.1583333333333/500.0 = 63.0% done in 332.3s, 194.9s to go
on time step 37819 (time=315.158), 0.00875328 s/step
Meep progress: 314.7833333333333/500.0 = 63.0% done in 332.4s, 195.6s to go
on time step 37775 (time=314.792), 0.00865797 s/step
Meep progress: 313.89166666666665/500.0 = 62.8% done in 332.4s, 197.1s to go
on time step 37667 (time=313.892), 0.00872335 s/step
Meep progress: 318.925/500.0 = 63.8% done in 336.4s, 191.0s to go
on time step 38271 (time=318.925), 0.00867114 s/step
Meep progress: 319.0083333333333/500.0 = 63.8% done in 336.4s, 190.8s to go
on time step 38281 (time=319.008), 0.0086726 s/step
Meep progress: 318.60833333333335/500.0 = 63.7% done in 336.4s, 191.5s to go
on time step 38234 (time=318.617), 0.00873184 s/step
Meep progress: 317.7083333333333/500.0 = 63.5% done in 336.4s, 193.0s to go
on time step 38125 (time=317.708), 0.00875346 s/step
Meep progress: 322.71666666666664/500.0 = 64.5% done in 340.4s, 187.0s to go
on time step 38726 (time=322.717), 0.00879496 s/step
Meep progress: 322.8666666666667/500.0 = 64.6% done in 340.4s, 186.7s to go
on time step 38744 (time=322.867), 0.00865013 s/step
Meep progress: 322.44166666666666/500.0 = 64.5% done in 340.4s, 187.5s to go
on time step 38694 (time=322.45), 0.00870713 s/step
Meep progress: 321.55833333333334/500.0 = 64.3% done in 340.4s, 188.9s to go
on time step 38587 (time=321.558), 0.00866709 s/step
Meep progress: 326.56666666666666/500.0 = 65.3% done in 344.4s, 182.9s to go
on time step 39188 (time=326.567), 0.00866724 s/step
Meep progress: 326.71666666666664/500.0 = 65.3% done in 344.4s, 182.6s to go
on time step 39206 (time=326.717), 0.00865903 s/step
Meep progress: 326.23333333333335/500.0 = 65.2% done in 344.4s, 183.5s to go
on time step 39149 (time=326.242), 0.00880589 s/step
Meep progress: 325.3666666666667/500.0 = 65.1% done in 344.4s, 184.9s to go
on time step 39044 (time=325.367), 0.00875417 s/step
Meep progress: 330.3333333333333/500.0 = 66.1% done in 348.4s, 178.9s to go
on time step 39640 (time=330.333), 0.00885076 s/step
Meep progress: 330.55833333333334/500.0 = 66.1% done in 348.4s, 178.6s to go
on time step 39667 (time=330.558), 0.00868684 s/step
Meep progress: 329.94166666666666/500.0 = 66.0% done in 348.4s, 179.6s to go
on time step 39594 (time=329.95), 0.00899514 s/step
Meep progress: 329.125/500.0 = 65.8% done in 348.4s, 180.9s to go
on time step 39495 (time=329.125), 0.00888391 s/step
Meep progress: 334.06666666666666/500.0 = 66.8% done in 352.4s, 175.0s to go
on time step 40088 (time=334.067), 0.00894063 s/step
Meep progress: 334.23333333333335/500.0 = 66.8% done in 352.4s, 174.8s to go
on time step 40108 (time=334.233), 0.00907228 s/step
Meep progress: 333.7416666666667/500.0 = 66.7% done in 352.4s, 175.6s to go
on time step 40050 (time=333.75), 0.00877933 s/step
Meep progress: 332.89166666666665/500.0 = 66.6% done in 352.4s, 176.9s to go
on time step 39947 (time=332.892), 0.00886833 s/step
Meep progress: 337.89166666666665/500.0 = 67.6% done in 356.4s, 171.0s to go
on time step 40547 (time=337.892), 0.00872002 s/step
Meep progress: 338.0416666666667/500.0 = 67.6% done in 356.4s, 170.7s to go
on time step 40565 (time=338.042), 0.00876673 s/step
Meep progress: 337.575/500.0 = 67.5% done in 356.4s, 171.5s to go
on time step 40510 (time=337.583), 0.00871082 s/step
Meep progress: 336.6166666666667/500.0 = 67.3% done in 356.4s, 173.0s to go
on time step 40394 (time=336.617), 0.0089519 s/step
Meep progress: 341.10833333333335/500.0 = 68.2% done in 360.4s, 167.9s to go
on time step 40933 (time=341.108), 0.0103855 s/step
Meep progress: 341.3/500.0 = 68.3% done in 360.4s, 167.6s to go
on time step 40956 (time=341.3), 0.0102492 s/step
Meep progress: 340.76666666666665/500.0 = 68.2% done in 360.4s, 168.4s to go
on time step 40893 (time=340.775), 0.0104509 s/step
Meep progress: 339.775/500.0 = 68.0% done in 360.4s, 170.0s to go
on time step 40773 (time=339.775), 0.0105599 s/step
Meep progress: 344.14166666666665/500.0 = 68.8% done in 364.4s, 165.0s to go
on time step 41297 (time=344.142), 0.0110052 s/step
Meep progress: 344.3333333333333/500.0 = 68.9% done in 364.4s, 164.7s to go
on time step 41320 (time=344.333), 0.0110083 s/step
Meep progress: 343.81666666666666/500.0 = 68.8% done in 364.5s, 165.6s to go
Meep progress: 342.775/500.0 = 68.6% done in 364.4s, 167.2s to go
on time step 41133 (time=342.775), 0.0111143 s/step
on time step 41259 (time=343.825), 0.0109525 s/step
Meep progress: 347.125/500.0 = 69.4% done in 368.4s, 162.2s to go
on time step 41655 (time=347.125), 0.0112053 s/step
Meep progress: 347.3833333333333/500.0 = 69.5% done in 368.4s, 161.8s to go
on time step 41686 (time=347.383), 0.0109433 s/step
Meep progress: 346.8833333333333/500.0 = 69.4% done in 368.5s, 162.6s to go
Meep progress: 345.8/500.0 = 69.2% done in 368.4s, 164.3s to go
on time step 41496 (time=345.8), 0.0110316 s/step
on time step 41627 (time=346.892), 0.0108836 s/step
Meep progress: 350.06666666666666/500.0 = 70.0% done in 372.4s, 159.5s to go
on time step 42008 (time=350.067), 0.0113524 s/step
Meep progress: 350.44166666666666/500.0 = 70.1% done in 372.4s, 158.9s to go
on time step 42053 (time=350.442), 0.0109123 s/step
Meep progress: 349.8666666666667/500.0 = 70.0% done in 372.5s, 159.8s to go
Meep progress: 348.8/500.0 = 69.8% done in 372.4s, 161.4s to go
on time step 41856 (time=348.8), 0.0111224 s/step
on time step 41985 (time=349.875), 0.0111745 s/step
Meep progress: 353.05833333333334/500.0 = 70.6% done in 376.4s, 156.7s to go
on time step 42367 (time=353.058), 0.0111718 s/step
Meep progress: 353.46666666666664/500.0 = 70.7% done in 376.4s, 156.0s to go
on time step 42416 (time=353.467), 0.0110447 s/step
Meep progress: 352.8833333333333/500.0 = 70.6% done in 376.5s, 157.0s to go
Meep progress: 351.80833333333334/500.0 = 70.4% done in 376.4s, 158.6s to go
on time step 42217 (time=351.808), 0.0110844 s/step
on time step 42347 (time=352.892), 0.0110613 s/step
Meep progress: 356.5083333333333/500.0 = 71.3% done in 380.4s, 153.1s to go
on time step 42781 (time=356.508), 0.0109717 s/step
Meep progress: 356.075/500.0 = 71.2% done in 380.4s, 153.8s to go
on time step 42729 (time=356.075), 0.0110722 s/step
Meep progress: 355.89166666666665/500.0 = 71.2% done in 380.5s, 154.1s to go
Meep progress: 354.81666666666666/500.0 = 71.0% done in 380.4s, 155.7s to go
on time step 42578 (time=354.817), 0.0110886 s/step
on time step 42708 (time=355.9), 0.0110806 s/step
Meep progress: 359.525/500.0 = 71.9% done in 384.4s, 150.2s to go
on time step 43143 (time=359.525), 0.0110603 s/step
Meep progress: 359.06666666666666/500.0 = 71.8% done in 384.4s, 150.9s to go
on time step 43088 (time=359.067), 0.0111628 s/step
Meep progress: 358.925/500.0 = 71.8% done in 384.5s, 151.1s to go
Meep progress: 357.81666666666666/500.0 = 71.6% done in 384.4s, 152.8s to go
on time step 42938 (time=357.817), 0.0111188 s/step
on time step 43072 (time=358.933), 0.0110166 s/step
Meep progress: 362.6166666666667/500.0 = 72.5% done in 388.4s, 147.2s to go
on time step 43514 (time=362.617), 0.0107964 s/step
Meep progress: 362.14166666666665/500.0 = 72.4% done in 388.4s, 147.9s to go
on time step 43457 (time=362.142), 0.0108423 s/step
Meep progress: 360.84166666666664/500.0 = 72.2% done in 388.4s, 149.8s to go
on time step 43301 (time=360.842), 0.0110223 s/step
Meep progress: 362.0/500.0 = 72.4% done in 388.5s, 148.1s to go
on time step 43441 (time=362.008), 0.0108572 s/step
Meep progress: 365.6666666666667/500.0 = 73.1% done in 392.4s, 144.2s to go
on time step 43880 (time=365.667), 0.0109407 s/step
Meep progress: 365.18333333333334/500.0 = 73.0% done in 392.4s, 144.9s to go
on time step 43822 (time=365.183), 0.0109834 s/step
Meep progress: 363.875/500.0 = 72.8% done in 392.5s, 146.8s to go
on time step 43665 (time=363.875), 0.0110076 s/step
Meep progress: 365.1583333333333/500.0 = 73.0% done in 392.5s, 144.9s to go
on time step 43820 (time=365.167), 0.0105825 s/step
Meep progress: 368.8333333333333/500.0 = 73.8% done in 396.4s, 141.0s to go
on time step 44260 (time=368.833), 0.0105289 s/step
Meep progress: 368.3666666666667/500.0 = 73.7% done in 396.4s, 141.7s to go
on time step 44204 (time=368.367), 0.0104847 s/step
Meep progress: 367.05833333333334/500.0 = 73.4% done in 396.5s, 143.6s to go
on time step 44047 (time=367.058), 0.0104859 s/step
Meep progress: 368.325/500.0 = 73.7% done in 396.5s, 141.7s to go
on time step 44200 (time=368.333), 0.0105334 s/step
Meep progress: 372.025/500.0 = 74.4% done in 400.4s, 137.7s to go
on time step 44643 (time=372.025), 0.0104677 s/step
Meep progress: 371.4583333333333/500.0 = 74.3% done in 400.5s, 138.6s to go
on time step 44575 (time=371.458), 0.0107882 s/step
Meep progress: 371.4/500.0 = 74.3% done in 400.5s, 138.7s to go
Meep progress: 370.2416666666667/500.0 = 74.0% done in 400.5s, 140.4s to go
on time step 44429 (time=370.242), 0.0104995 s/step
on time step 44569 (time=371.408), 0.0108527 s/step
Meep progress: 375.125/500.0 = 75.0% done in 404.4s, 134.6s to go
on time step 45015 (time=375.125), 0.0107594 s/step
Meep progress: 374.4583333333333/500.0 = 74.9% done in 404.5s, 135.6s to go
on time step 44935 (time=374.458), 0.0111216 s/step
Meep progress: 374.48333333333335/500.0 = 74.9% done in 404.5s, 135.6s to go
Meep progress: 373.3833333333333/500.0 = 74.7% done in 404.5s, 137.2s to go
on time step 44806 (time=373.383), 0.010636 s/step
on time step 44939 (time=374.492), 0.0108315 s/step
Meep progress: 378.23333333333335/500.0 = 75.6% done in 408.4s, 131.5s to go
on time step 45388 (time=378.233), 0.0107392 s/step
Meep progress: 377.55833333333334/500.0 = 75.5% done in 408.5s, 132.5s to go
on time step 45307 (time=377.558), 0.0107815 s/step
Meep progress: 377.60833333333335/500.0 = 75.5% done in 408.5s, 132.4s to go
Meep progress: 376.5083333333333/500.0 = 75.3% done in 408.5s, 134.0s to go
on time step 45181 (time=376.508), 0.0106843 s/step
on time step 45314 (time=377.617), 0.0106728 s/step
Meep progress: 381.23333333333335/500.0 = 76.2% done in 412.4s, 128.5s to go
on time step 45748 (time=381.233), 0.0111111 s/step
Meep progress: 380.4916666666667/500.0 = 76.1% done in 412.5s, 129.6s to go
on time step 45659 (time=380.492), 0.011377 s/step
Meep progress: 380.65/500.0 = 76.1% done in 412.5s, 129.3s to go
on time step 45679 (time=380.658), 0.0109692 s/step
Meep progress: 379.5333333333333/500.0 = 75.9% done in 412.5s, 130.9s to go
on time step 45544 (time=379.533), 0.0110427 s/step
Meep progress: 384.7916666666667/500.0 = 77.0% done in 416.4s, 124.7s to go
on time step 46175 (time=384.792), 0.009375 s/step
Meep progress: 384.075/500.0 = 76.8% done in 416.5s, 125.7s to go
on time step 46089 (time=384.075), 0.00931116 s/step
Meep progress: 384.225/500.0 = 76.8% done in 416.5s, 125.5s to go
on time step 46108 (time=384.233), 0.00933446 s/step
Meep progress: 383.1333333333333/500.0 = 76.6% done in 416.5s, 127.0s to go
on time step 45976 (time=383.133), 0.00928187 s/step
Meep progress: 388.64166666666665/500.0 = 77.7% done in 420.4s, 120.5s to go
on time step 46637 (time=388.642), 0.00866487 s/step
Meep progress: 387.84166666666664/500.0 = 77.6% done in 420.5s, 121.6s to go
on time step 46541 (time=387.842), 0.00885388 s/step
Meep progress: 388.06666666666666/500.0 = 77.6% done in 420.5s, 121.3s to go
on time step 46569 (time=388.075), 0.00868074 s/step
Meep progress: 386.96666666666664/500.0 = 77.4% done in 420.5s, 122.8s to go
on time step 46436 (time=386.967), 0.00870104 s/step
Meep progress: 392.48333333333335/500.0 = 78.5% done in 424.5s, 116.3s to go
on time step 47098 (time=392.483), 0.00869241 s/step
Meep progress: 391.65/500.0 = 78.3% done in 424.5s, 117.4s to go
on time step 46998 (time=391.65), 0.00875895 s/step
Meep progress: 391.89166666666665/500.0 = 78.4% done in 424.5s, 117.1s to go
on time step 47028 (time=391.9), 0.00872442 s/step
Meep progress: 390.81666666666666/500.0 = 78.2% done in 424.5s, 118.6s to go
on time step 46898 (time=390.817), 0.00867676 s/step
Meep progress: 396.2416666666667/500.0 = 79.2% done in 428.5s, 112.2s to go
on time step 47549 (time=396.242), 0.00887131 s/step
Meep progress: 395.45/500.0 = 79.1% done in 428.5s, 113.3s to go
on time step 47454 (time=395.45), 0.00878635 s/step
Meep progress: 395.73333333333335/500.0 = 79.1% done in 428.5s, 112.9s to go
on time step 47489 (time=395.742), 0.00867698 s/step
Meep progress: 394.6333333333333/500.0 = 78.9% done in 428.5s, 114.4s to go
on time step 47356 (time=394.633), 0.00874895 s/step
Meep progress: 400.09166666666664/500.0 = 80.0% done in 432.5s, 108.0s to go
on time step 48011 (time=400.092), 0.00866629 s/step
Meep progress: 399.2416666666667/500.0 = 79.8% done in 432.5s, 109.1s to go
on time step 47909 (time=399.242), 0.00880418 s/step
Meep progress: 399.55833333333334/500.0 = 79.9% done in 432.5s, 108.7s to go
on time step 47948 (time=399.567), 0.00873097 s/step
Meep progress: 398.44166666666666/500.0 = 79.7% done in 432.5s, 110.2s to go
on time step 47813 (time=398.442), 0.00875934 s/step
Meep progress: 403.94166666666666/500.0 = 80.8% done in 436.5s, 103.8s to go
on time step 48473 (time=403.942), 0.00866621 s/step
Meep progress: 403.0833333333333/500.0 = 80.6% done in 436.5s, 105.0s to go
on time step 48370 (time=403.083), 0.00868575 s/step
Meep progress: 403.39166666666665/500.0 = 80.7% done in 436.5s, 104.5s to go
on time step 48408 (time=403.4), 0.00870358 s/step
Meep progress: 402.2/500.0 = 80.4% done in 436.5s, 106.1s to go
on time step 48264 (time=402.2), 0.00887827 s/step
Meep progress: 407.7916666666667/500.0 = 81.6% done in 440.5s, 99.6s to go
on time step 48935 (time=407.792), 0.00867632 s/step
Meep progress: 406.925/500.0 = 81.4% done in 440.5s, 100.8s to go
on time step 48831 (time=406.925), 0.00868391 s/step
Meep progress: 407.2416666666667/500.0 = 81.4% done in 440.5s, 100.3s to go
on time step 48870 (time=407.25), 0.00865975 s/step
Meep progress: 405.9583333333333/500.0 = 81.2% done in 440.5s, 102.1s to go
on time step 48715 (time=405.958), 0.00888945 s/step
Meep progress: 411.56666666666666/500.0 = 82.3% done in 444.5s, 95.5s to go
on time step 49388 (time=411.567), 0.00883158 s/step
Meep progress: 410.73333333333335/500.0 = 82.1% done in 444.5s, 96.6s to go
on time step 49288 (time=410.733), 0.00875309 s/step
Meep progress: 411.0833333333333/500.0 = 82.2% done in 444.5s, 96.2s to go
on time step 49331 (time=411.092), 0.00868983 s/step
Meep progress: 409.76666666666665/500.0 = 82.0% done in 444.5s, 97.9s to go
on time step 49172 (time=409.767), 0.00876502 s/step
Meep progress: 415.34999999999997/500.0 = 83.1% done in 448.5s, 91.4s to go
on time step 49842 (time=415.35), 0.00881417 s/step
Meep progress: 414.5333333333333/500.0 = 82.9% done in 448.5s, 92.5s to go
on time step 49744 (time=414.533), 0.00878034 s/step
Meep progress: 414.925/500.0 = 83.0% done in 448.6s, 92.0s to go
on time step 49792 (time=414.933), 0.00868088 s/step
Meep progress: 413.5833333333333/500.0 = 82.7% done in 448.6s, 93.7s to go
on time step 49630 (time=413.583), 0.00875145 s/step
Meep progress: 419.15/500.0 = 83.8% done in 452.5s, 87.3s to go
on time step 50298 (time=419.15), 0.00878158 s/step
Meep progress: 418.3666666666667/500.0 = 83.7% done in 452.5s, 88.3s to go
on time step 50204 (time=418.367), 0.00870346 s/step
Meep progress: 418.73333333333335/500.0 = 83.7% done in 452.6s, 87.8s to go
on time step 50249 (time=418.742), 0.00875459 s/step
Meep progress: 417.4/500.0 = 83.5% done in 452.6s, 89.6s to go
on time step 50088 (time=417.4), 0.00874 s/step
Meep progress: 422.9916666666667/500.0 = 84.6% done in 456.5s, 83.1s to go
on time step 50759 (time=422.992), 0.00868882 s/step
Meep progress: 422.175/500.0 = 84.4% done in 456.5s, 84.2s to go
on time step 50661 (time=422.175), 0.00875506 s/step
Meep progress: 422.525/500.0 = 84.5% done in 456.6s, 83.7s to go
on time step 50704 (time=422.533), 0.00879636 s/step
Meep progress: 421.23333333333335/500.0 = 84.2% done in 456.6s, 85.4s to go
on time step 50548 (time=421.233), 0.00870189 s/step
Meep progress: 426.8333333333333/500.0 = 85.4% done in 460.5s, 78.9s to go
on time step 51220 (time=426.833), 0.00868774 s/step
Meep progress: 425.94166666666666/500.0 = 85.2% done in 460.5s, 80.1s to go
on time step 51113 (time=425.942), 0.00886221 s/step
Meep progress: 426.375/500.0 = 85.3% done in 460.6s, 79.5s to go
on time step 51166 (time=426.383), 0.00867044 s/step
Meep progress: 425.05/500.0 = 85.0% done in 460.6s, 81.2s to go
on time step 51006 (time=425.05), 0.00873784 s/step
Meep progress: 430.68333333333334/500.0 = 86.1% done in 464.5s, 74.8s to go
on time step 51682 (time=430.683), 0.00866138 s/step
Meep progress: 429.7/500.0 = 85.9% done in 464.5s, 76.0s to go
on time step 51564 (time=429.7), 0.00887009 s/step
Meep progress: 430.2083333333333/500.0 = 86.0% done in 464.6s, 75.4s to go
on time step 51626 (time=430.217), 0.00869687 s/step
Meep progress: 428.89166666666665/500.0 = 85.8% done in 464.6s, 77.0s to go
on time step 51467 (time=428.892), 0.00869477 s/step
Meep progress: 434.51666666666665/500.0 = 86.9% done in 468.5s, 70.6s to go
on time step 52142 (time=434.517), 0.00869827 s/step
Meep progress: 433.51666666666665/500.0 = 86.7% done in 468.5s, 71.9s to go
on time step 52022 (time=433.517), 0.00873474 s/step
Meep progress: 434.025/500.0 = 86.8% done in 468.6s, 71.2s to go
on time step 52083 (time=434.025), 0.00875315 s/step
Meep progress: 432.675/500.0 = 86.5% done in 468.6s, 72.9s to go
on time step 51921 (time=432.675), 0.00882077 s/step
Meep progress: 438.31666666666666/500.0 = 87.7% done in 472.5s, 66.5s to go
on time step 52598 (time=438.317), 0.00878211 s/step
Meep progress: 437.34166666666664/500.0 = 87.5% done in 472.5s, 67.7s to go
on time step 52481 (time=437.342), 0.00873162 s/step
Meep progress: 437.81666666666666/500.0 = 87.6% done in 472.6s, 67.1s to go
on time step 52538 (time=437.817), 0.00879377 s/step
Meep progress: 436.4916666666667/500.0 = 87.3% done in 472.6s, 68.8s to go
on time step 52379 (time=436.492), 0.00874893 s/step
Meep progress: 442.1333333333333/500.0 = 88.4% done in 476.5s, 62.4s to go
on time step 53056 (time=442.133), 0.00875181 s/step
Meep progress: 441.15/500.0 = 88.2% done in 476.5s, 63.6s to go
on time step 52938 (time=441.15), 0.00875823 s/step
Meep progress: 441.60833333333335/500.0 = 88.3% done in 476.6s, 63.0s to go
on time step 52993 (time=441.608), 0.00880957 s/step
Meep progress: 440.30833333333334/500.0 = 88.1% done in 476.6s, 64.6s to go
on time step 52837 (time=440.308), 0.00873758 s/step
Meep progress: 445.775/500.0 = 89.2% done in 480.5s, 58.5s to go
on time step 53493 (time=445.775), 0.00916028 s/step
Meep progress: 444.76666666666665/500.0 = 89.0% done in 480.5s, 59.7s to go
on time step 53372 (time=444.767), 0.00923542 s/step
Meep progress: 445.4/500.0 = 89.1% done in 480.6s, 58.9s to go
on time step 53448 (time=445.4), 0.00880893 s/step
Meep progress: 444.06666666666666/500.0 = 88.8% done in 480.6s, 60.5s to go
on time step 53288 (time=444.067), 0.0088803 s/step
Meep progress: 449.60833333333335/500.0 = 89.9% done in 484.5s, 54.3s to go
on time step 53953 (time=449.608), 0.00871336 s/step
Meep progress: 448.5416666666667/500.0 = 89.7% done in 484.5s, 55.6s to go
on time step 53825 (time=448.542), 0.00883014 s/step
Meep progress: 449.2083333333333/500.0 = 89.8% done in 484.6s, 54.8s to go
on time step 53905 (time=449.208), 0.00876098 s/step
Meep progress: 447.875/500.0 = 89.6% done in 484.6s, 56.4s to go
on time step 53745 (time=447.875), 0.00877052 s/step
Meep progress: 453.39166666666665/500.0 = 90.7% done in 488.5s, 50.2s to go
on time step 54407 (time=453.392), 0.00881477 s/step
Meep progress: 452.1666666666667/500.0 = 90.4% done in 488.5s, 51.7s to go
on time step 54260 (time=452.167), 0.00920516 s/step
Meep progress: 452.9583333333333/500.0 = 90.6% done in 488.6s, 50.7s to go
on time step 54355 (time=452.958), 0.00889399 s/step
Meep progress: 451.6166666666667/500.0 = 90.3% done in 488.6s, 52.3s to go
on time step 54194 (time=451.617), 0.00891521 s/step
Meep progress: 457.21666666666664/500.0 = 91.4% done in 492.5s, 46.1s to go
on time step 54866 (time=457.217), 0.00872136 s/step
Meep progress: 455.95/500.0 = 91.2% done in 492.5s, 47.6s to go
on time step 54714 (time=455.95), 0.00881089 s/step
Meep progress: 456.7583333333333/500.0 = 91.4% done in 492.6s, 46.6s to go
on time step 54811 (time=456.758), 0.00878629 s/step
Meep progress: 455.425/500.0 = 91.1% done in 492.6s, 48.2s to go
on time step 54651 (time=455.425), 0.00876317 s/step
Meep progress: 461.05833333333334/500.0 = 92.2% done in 496.5s, 41.9s to go
on time step 55327 (time=461.058), 0.00868062 s/step
Meep progress: 459.7416666666667/500.0 = 91.9% done in 496.5s, 43.5s to go
on time step 55169 (time=459.742), 0.0088062 s/step
Meep progress: 460.59166666666664/500.0 = 92.1% done in 496.6s, 42.5s to go
on time step 55271 (time=460.592), 0.00869894 s/step
Meep progress: 459.2416666666667/500.0 = 91.8% done in 496.6s, 44.1s to go
on time step 55109 (time=459.242), 0.00874017 s/step
Meep progress: 464.85833333333335/500.0 = 93.0% done in 500.5s, 37.8s to go
on time step 55783 (time=464.858), 0.00878168 s/step
Meep progress: 463.51666666666665/500.0 = 92.7% done in 500.5s, 39.4s to go
on time step 55622 (time=463.517), 0.00883253 s/step
Meep progress: 464.43333333333334/500.0 = 92.9% done in 500.6s, 38.3s to go
on time step 55732 (time=464.433), 0.00867715 s/step
Meep progress: 463.06666666666666/500.0 = 92.6% done in 500.6s, 39.9s to go
on time step 55568 (time=463.067), 0.00872475 s/step
Meep progress: 468.68333333333334/500.0 = 93.7% done in 504.5s, 33.7s to go
on time step 56242 (time=468.683), 0.00872257 s/step
Meep progress: 467.30833333333334/500.0 = 93.5% done in 504.6s, 35.3s to go
on time step 56077 (time=467.308), 0.00880333 s/step
Meep progress: 468.25/500.0 = 93.7% done in 504.6s, 34.2s to go
on time step 56190 (time=468.25), 0.00874481 s/step
Meep progress: 466.9/500.0 = 93.4% done in 504.6s, 35.8s to go
on time step 56028 (time=466.9), 0.00871115 s/step
Meep progress: 472.46666666666664/500.0 = 94.5% done in 508.5s, 29.6s to go
on time step 56696 (time=472.467), 0.00882622 s/step
Meep progress: 471.1333333333333/500.0 = 94.2% done in 508.6s, 31.2s to go
on time step 56536 (time=471.133), 0.00873074 s/step
Meep progress: 472.09166666666664/500.0 = 94.4% done in 508.6s, 30.1s to go
on time step 56651 (time=472.092), 0.00867821 s/step
Meep progress: 470.73333333333335/500.0 = 94.1% done in 508.6s, 31.6s to go
on time step 56488 (time=470.733), 0.0087054 s/step
Meep progress: 476.23333333333335/500.0 = 95.2% done in 512.5s, 25.6s to go
on time step 57148 (time=476.233), 0.00885115 s/step
Meep progress: 474.9583333333333/500.0 = 95.0% done in 512.6s, 27.0s to go
on time step 56995 (time=474.958), 0.00871561 s/step
Meep progress: 475.93333333333334/500.0 = 95.2% done in 512.6s, 25.9s to go
on time step 57112 (time=475.933), 0.00868977 s/step
Meep progress: 474.575/500.0 = 94.9% done in 512.6s, 27.5s to go
on time step 56949 (time=474.575), 0.00869516 s/step
Meep progress: 480.075/500.0 = 96.0% done in 516.5s, 21.4s to go
on time step 57609 (time=480.075), 0.00867732 s/step
Meep progress: 478.76666666666665/500.0 = 95.8% done in 516.6s, 22.9s to go
on time step 57452 (time=478.767), 0.00875383 s/step
Meep progress: 479.73333333333335/500.0 = 95.9% done in 516.6s, 21.8s to go
on time step 57568 (time=479.733), 0.00877264 s/step
Meep progress: 478.3833333333333/500.0 = 95.7% done in 516.6s, 23.3s to go
on time step 57406 (time=478.383), 0.00875516 s/step
Meep progress: 483.9166666666667/500.0 = 96.8% done in 520.5s, 17.3s to go
on time step 58070 (time=483.917), 0.00868017 s/step
Meep progress: 482.55833333333334/500.0 = 96.5% done in 520.6s, 18.8s to go
on time step 57907 (time=482.558), 0.00879994 s/step
Meep progress: 483.55/500.0 = 96.7% done in 520.6s, 17.7s to go
on time step 58026 (time=483.55), 0.00874965 s/step
Meep progress: 482.21666666666664/500.0 = 96.4% done in 520.6s, 19.2s to go
on time step 57866 (time=482.217), 0.00870591 s/step
Meep progress: 487.72499999999997/500.0 = 97.5% done in 524.5s, 13.2s to go
on time step 58527 (time=487.725), 0.00875611 s/step
Meep progress: 486.4166666666667/500.0 = 97.3% done in 524.6s, 14.6s to go
on time step 58370 (time=486.417), 0.00865517 s/step
Meep progress: 487.39166666666665/500.0 = 97.5% done in 524.6s, 13.6s to go
on time step 58487 (time=487.392), 0.0086945 s/step
Meep progress: 486.0083333333333/500.0 = 97.2% done in 524.6s, 15.1s to go
on time step 58321 (time=486.008), 0.00879742 s/step
Meep progress: 491.55/500.0 = 98.3% done in 528.5s, 9.1s to go
on time step 58986 (time=491.55), 0.00872826 s/step
Meep progress: 490.26666666666665/500.0 = 98.1% done in 528.6s, 10.5s to go
on time step 58832 (time=490.267), 0.00866215 s/step
Meep progress: 491.2/500.0 = 98.2% done in 528.6s, 9.5s to go
on time step 58944 (time=491.2), 0.00876656 s/step
Meep progress: 489.825/500.0 = 98.0% done in 528.6s, 11.0s to go
on time step 58779 (time=489.825), 0.00874778 s/step
Meep progress: 495.35833333333335/500.0 = 99.1% done in 532.6s, 5.0s to go
on time step 59443 (time=495.358), 0.00875691 s/step
Meep progress: 494.05833333333334/500.0 = 98.8% done in 532.6s, 6.4s to go
on time step 59287 (time=494.058), 0.00879124 s/step
Meep progress: 495.0416666666667/500.0 = 99.0% done in 532.6s, 5.3s to go
on time step 59405 (time=495.042), 0.00868665 s/step
Meep progress: 493.6166666666667/500.0 = 98.7% done in 532.7s, 6.9s to go
on time step 59234 (time=493.617), 0.00879798 s/step
Meep progress: 499.2/500.0 = 99.8% done in 536.6s, 0.9s to go
on time step 59904 (time=499.2), 0.00867918 s/step
Meep progress: 497.84166666666664/500.0 = 99.6% done in 536.6s, 2.3s to go
on time step 59741 (time=497.842), 0.00882709 s/step
Meep progress: 498.85833333333335/500.0 = 99.8% done in 536.6s, 1.2s to go
on time step 59863 (time=498.858), 0.00875137 s/step
Meep progress: 497.4583333333333/500.0 = 99.5% done in 536.7s, 2.7s to go
on time step 59695 (time=497.458), 0.00869251 s/step
run 0 finished at t = 500.0 (60000 timesteps)

Elapsed run time = 537.9884 s
run 0 finished at t = 500.0 (60000 timesteps)

Elapsed run time = 538.3406 s
run 0 finished at t = 500.0 (60000 timesteps)

Elapsed run time = 538.9532 s
run 0 finished at t = 500.0 (60000 timesteps)

Elapsed run time = 539.1485 s
